D:\快盘\PAT\PAT\DEBUG\1004.OBJ
D:\快盘\PAT\PAT\DEBUG\VC110.PDB
D:\快盘\PAT\PAT\DEBUG\1005.OBJ
D:\快盘\PAT\PAT\DEBUG\1006.OBJ
D:\快盘\PAT\PAT\DEBUG\1007.OBJ
D:\快盘\PAT\PAT\DEBUG\1008.OBJ
D:\快盘\PAT\PAT\DEBUG\1009.OBJ
D:\快盘\PAT\PAT\DEBUG\1011.OBJ
D:\快盘\PAT\PAT\DEBUG\1012.OBJ
D:\快盘\PAT\PAT\DEBUG\10-2.OBJ
D:\快盘\PAT\PAT\DEBUG\1013.OBJ
D:\快盘\PAT\PAT\DEBUG\1014.OBJ
D:\快盘\PAT\PAT\DEBUG\1016.OBJ
D:\快盘\PAT\PAT\DEBUG\1017.OBJ
D:\快盘\PAT\PAT\DEBUG\1018.OBJ
D:\快盘\PAT\PAT\DEBUG\1019.OBJ
D:\快盘\PAT\PAT\DEBUG\1020.OBJ
D:\快盘\PAT\PAT\DEBUG\1021.OBJ
D:\快盘\PAT\PAT\DEBUG\1022.OBJ
D:\快盘\PAT\PAT\DEBUG\1023.OBJ
D:\快盘\PAT\PAT\DEBUG\1024.OBJ
D:\快盘\PAT\PAT\DEBUG\1025.OBJ
D:\快盘\PAT\DEBUG\PAT.ILK
D:\快盘\PAT\DEBUG\PAT.EXE
D:\快盘\PAT\DEBUG\PAT.PDB
D:\快盘\PAT\PAT\Debug\10-2.obj
D:\快盘\PAT\PAT\Debug\1001.obj
D:\快盘\PAT\PAT\Debug\1002.obj
D:\快盘\PAT\PAT\Debug\1003.obj
D:\快盘\PAT\PAT\Debug\1004.obj
D:\快盘\PAT\PAT\Debug\1005.obj
D:\快盘\PAT\PAT\Debug\1006.obj
D:\快盘\PAT\PAT\Debug\1007.obj
D:\快盘\PAT\PAT\Debug\1008.obj
D:\快盘\PAT\PAT\Debug\1009.obj
D:\快盘\PAT\PAT\Debug\1010.obj
D:\快盘\PAT\PAT\Debug\1011.obj
D:\快盘\PAT\PAT\Debug\1012.obj
D:\快盘\PAT\PAT\Debug\1013.obj
D:\快盘\PAT\PAT\Debug\1014.obj
D:\快盘\PAT\PAT\Debug\1015.obj
D:\快盘\PAT\PAT\Debug\1016.obj
D:\快盘\PAT\PAT\Debug\1017.obj
D:\快盘\PAT\PAT\Debug\1018.obj
D:\快盘\PAT\PAT\Debug\1019.obj
D:\快盘\PAT\PAT\Debug\1020.obj
D:\快盘\PAT\PAT\Debug\1021.obj
D:\快盘\PAT\PAT\Debug\1022.obj
D:\快盘\PAT\PAT\Debug\1023.obj
D:\快盘\PAT\PAT\Debug\1024.obj
D:\快盘\PAT\PAT\Debug\1025.obj
D:\快盘\PAT\PAT\Debug\HW1.obj
D:\快盘\PAT\PAT\Debug\HW2.obj
D:\快盘\PAT\PAT\Debug\cl.command.1.tlog
D:\快盘\PAT\PAT\Debug\CL.read.1.tlog
D:\快盘\PAT\PAT\Debug\CL.write.1.tlog
D:\快盘\PAT\PAT\Debug\link-cvtres.read.1.tlog
D:\快盘\PAT\PAT\Debug\link-cvtres.write.1.tlog
D:\快盘\PAT\PAT\Debug\link-rc.read.1.tlog
D:\快盘\PAT\PAT\Debug\link-rc.write.1.tlog
D:\快盘\PAT\PAT\Debug\link.1068-cvtres.read.1.tlog
D:\快盘\PAT\PAT\Debug\link.1068-cvtres.write.1.tlog
D:\快盘\PAT\PAT\Debug\link.1068-rc.read.1.tlog
D:\快盘\PAT\PAT\Debug\link.1068-rc.write.1.tlog
D:\快盘\PAT\PAT\Debug\link.1068.read.1.tlog
D:\快盘\PAT\PAT\Debug\link.1068.write.1.tlog
D:\快盘\PAT\PAT\Debug\link.1164-cvtres.read.1.tlog
D:\快盘\PAT\PAT\Debug\link.1164-cvtres.write.1.tlog
D:\快盘\PAT\PAT\Debug\link.1164-rc.read.1.tlog
D:\快盘\PAT\PAT\Debug\link.1164-rc.write.1.tlog
D:\快盘\PAT\PAT\Debug\link.1164.read.1.tlog
D:\快盘\PAT\PAT\Debug\link.1164.write.1.tlog
D:\快盘\PAT\PAT\Debug\link.1248-cvtres.read.1.tlog
D:\快盘\PAT\PAT\Debug\link.1248-cvtres.write.1.tlog
D:\快盘\PAT\PAT\Debug\link.1248-rc.read.1.tlog
D:\快盘\PAT\PAT\Debug\link.1248-rc.write.1.tlog
D:\快盘\PAT\PAT\Debug\link.1248.read.1.tlog
D:\快盘\PAT\PAT\Debug\link.1248.write.1.tlog
D:\快盘\PAT\PAT\Debug\link.1568-cvtres.read.1.tlog
D:\快盘\PAT\PAT\Debug\link.1568-cvtres.write.1.tlog
D:\快盘\PAT\PAT\Debug\link.1568-rc.read.1.tlog
D:\快盘\PAT\PAT\Debug\link.1568-rc.write.1.tlog
D:\快盘\PAT\PAT\Debug\link.1568.read.1.tlog
D:\快盘\PAT\PAT\Debug\link.1568.write.1.tlog
D:\快盘\PAT\PAT\Debug\link.1748-cvtres.read.1.tlog
D:\快盘\PAT\PAT\Debug\link.1748-cvtres.write.1.tlog
D:\快盘\PAT\PAT\Debug\link.1748-rc.read.1.tlog
D:\快盘\PAT\PAT\Debug\link.1748-rc.write.1.tlog
D:\快盘\PAT\PAT\Debug\link.1748.read.1.tlog
D:\快盘\PAT\PAT\Debug\link.1748.write.1.tlog
D:\快盘\PAT\PAT\Debug\link.2120-cvtres.read.1.tlog
D:\快盘\PAT\PAT\Debug\link.2120-cvtres.write.1.tlog
D:\快盘\PAT\PAT\Debug\link.2120-rc.read.1.tlog
D:\快盘\PAT\PAT\Debug\link.2120-rc.write.1.tlog
D:\快盘\PAT\PAT\Debug\link.2120.read.1.tlog
D:\快盘\PAT\PAT\Debug\link.2120.write.1.tlog
D:\快盘\PAT\PAT\Debug\link.2456-cvtres.read.1.tlog
D:\快盘\PAT\PAT\Debug\link.2456-cvtres.write.1.tlog
D:\快盘\PAT\PAT\Debug\link.2456-rc.read.1.tlog
D:\快盘\PAT\PAT\Debug\link.2456-rc.write.1.tlog
D:\快盘\PAT\PAT\Debug\link.2456.read.1.tlog
D:\快盘\PAT\PAT\Debug\link.2456.write.1.tlog
D:\快盘\PAT\PAT\Debug\link.2604-cvtres.read.1.tlog
D:\快盘\PAT\PAT\Debug\link.2604-cvtres.write.1.tlog
D:\快盘\PAT\PAT\Debug\link.2604-rc.read.1.tlog
D:\快盘\PAT\PAT\Debug\link.2604-rc.write.1.tlog
D:\快盘\PAT\PAT\Debug\link.2604.read.1.tlog
D:\快盘\PAT\PAT\Debug\link.2604.write.1.tlog
D:\快盘\PAT\PAT\Debug\link.2696-cvtres.read.1.tlog
D:\快盘\PAT\PAT\Debug\link.2696-cvtres.write.1.tlog
D:\快盘\PAT\PAT\Debug\link.2696-rc.read.1.tlog
D:\快盘\PAT\PAT\Debug\link.2696-rc.write.1.tlog
D:\快盘\PAT\PAT\Debug\link.2696.read.1.tlog
D:\快盘\PAT\PAT\Debug\link.2696.write.1.tlog
D:\快盘\PAT\PAT\Debug\link.2900-cvtres.read.1.tlog
D:\快盘\PAT\PAT\Debug\link.2900-cvtres.write.1.tlog
D:\快盘\PAT\PAT\Debug\link.2900-rc.read.1.tlog
D:\快盘\PAT\PAT\Debug\link.2900-rc.write.1.tlog
D:\快盘\PAT\PAT\Debug\link.2900.read.1.tlog
D:\快盘\PAT\PAT\Debug\link.2900.write.1.tlog
D:\快盘\PAT\PAT\Debug\link.3300-cvtres.read.1.tlog
D:\快盘\PAT\PAT\Debug\link.3300-cvtres.write.1.tlog
D:\快盘\PAT\PAT\Debug\link.3300-rc.read.1.tlog
D:\快盘\PAT\PAT\Debug\link.3300-rc.write.1.tlog
D:\快盘\PAT\PAT\Debug\link.3300.read.1.tlog
D:\快盘\PAT\PAT\Debug\link.3300.write.1.tlog
D:\快盘\PAT\PAT\Debug\link.3456-cvtres.read.1.tlog
D:\快盘\PAT\PAT\Debug\link.3456-cvtres.write.1.tlog
D:\快盘\PAT\PAT\Debug\link.3456-rc.read.1.tlog
D:\快盘\PAT\PAT\Debug\link.3456-rc.write.1.tlog
D:\快盘\PAT\PAT\Debug\link.3456.read.1.tlog
D:\快盘\PAT\PAT\Debug\link.3456.write.1.tlog
D:\快盘\PAT\PAT\Debug\link.364-cvtres.read.1.tlog
D:\快盘\PAT\PAT\Debug\link.364-cvtres.write.1.tlog
D:\快盘\PAT\PAT\Debug\link.364-rc.read.1.tlog
D:\快盘\PAT\PAT\Debug\link.364-rc.write.1.tlog
D:\快盘\PAT\PAT\Debug\link.364.read.1.tlog
D:\快盘\PAT\PAT\Debug\link.364.write.1.tlog
D:\快盘\PAT\PAT\Debug\link.3772-cvtres.read.1.tlog
D:\快盘\PAT\PAT\Debug\link.3772-cvtres.write.1.tlog
D:\快盘\PAT\PAT\Debug\link.3772-rc.read.1.tlog
D:\快盘\PAT\PAT\Debug\link.3772-rc.write.1.tlog
D:\快盘\PAT\PAT\Debug\link.3772.read.1.tlog
D:\快盘\PAT\PAT\Debug\link.3772.write.1.tlog
D:\快盘\PAT\PAT\Debug\link.3844-cvtres.read.1.tlog
D:\快盘\PAT\PAT\Debug\link.3844-cvtres.write.1.tlog
D:\快盘\PAT\PAT\Debug\link.3844-rc.read.1.tlog
D:\快盘\PAT\PAT\Debug\link.3844-rc.write.1.tlog
D:\快盘\PAT\PAT\Debug\link.3844.read.1.tlog
D:\快盘\PAT\PAT\Debug\link.3844.write.1.tlog
D:\快盘\PAT\PAT\Debug\link.3864-cvtres.read.1.tlog
D:\快盘\PAT\PAT\Debug\link.3864-cvtres.write.1.tlog
D:\快盘\PAT\PAT\Debug\link.3864-rc.read.1.tlog
D:\快盘\PAT\PAT\Debug\link.3864-rc.write.1.tlog
D:\快盘\PAT\PAT\Debug\link.3864.read.1.tlog
D:\快盘\PAT\PAT\Debug\link.3864.write.1.tlog
D:\快盘\PAT\PAT\Debug\link.3872-cvtres.read.1.tlog
D:\快盘\PAT\PAT\Debug\link.3872-cvtres.write.1.tlog
D:\快盘\PAT\PAT\Debug\link.3872-rc.read.1.tlog
D:\快盘\PAT\PAT\Debug\link.3872-rc.write.1.tlog
D:\快盘\PAT\PAT\Debug\link.3872.read.1.tlog
D:\快盘\PAT\PAT\Debug\link.3872.write.1.tlog
D:\快盘\PAT\PAT\Debug\link.4120-cvtres.read.1.tlog
D:\快盘\PAT\PAT\Debug\link.4120-cvtres.write.1.tlog
D:\快盘\PAT\PAT\Debug\link.4120-rc.read.1.tlog
D:\快盘\PAT\PAT\Debug\link.4120-rc.write.1.tlog
D:\快盘\PAT\PAT\Debug\link.4120.read.1.tlog
D:\快盘\PAT\PAT\Debug\link.4120.write.1.tlog
D:\快盘\PAT\PAT\Debug\link.4160-cvtres.read.1.tlog
D:\快盘\PAT\PAT\Debug\link.4160-cvtres.write.1.tlog
D:\快盘\PAT\PAT\Debug\link.4160-rc.read.1.tlog
D:\快盘\PAT\PAT\Debug\link.4160-rc.write.1.tlog
D:\快盘\PAT\PAT\Debug\link.4160.read.1.tlog
D:\快盘\PAT\PAT\Debug\link.4160.write.1.tlog
D:\快盘\PAT\PAT\Debug\link.4252-cvtres.read.1.tlog
D:\快盘\PAT\PAT\Debug\link.4252-cvtres.write.1.tlog
D:\快盘\PAT\PAT\Debug\link.4252-rc.read.1.tlog
D:\快盘\PAT\PAT\Debug\link.4252-rc.write.1.tlog
D:\快盘\PAT\PAT\Debug\link.4252.read.1.tlog
D:\快盘\PAT\PAT\Debug\link.4252.write.1.tlog
D:\快盘\PAT\PAT\Debug\link.4752-cvtres.read.1.tlog
D:\快盘\PAT\PAT\Debug\link.4752-cvtres.write.1.tlog
D:\快盘\PAT\PAT\Debug\link.4752-rc.read.1.tlog
D:\快盘\PAT\PAT\Debug\link.4752-rc.write.1.tlog
D:\快盘\PAT\PAT\Debug\link.4752.read.1.tlog
D:\快盘\PAT\PAT\Debug\link.4752.write.1.tlog
D:\快盘\PAT\PAT\Debug\link.4764-cvtres.read.1.tlog
D:\快盘\PAT\PAT\Debug\link.4764-cvtres.write.1.tlog
D:\快盘\PAT\PAT\Debug\link.4764-rc.read.1.tlog
D:\快盘\PAT\PAT\Debug\link.4764-rc.write.1.tlog
D:\快盘\PAT\PAT\Debug\link.4764.read.1.tlog
D:\快盘\PAT\PAT\Debug\link.4764.write.1.tlog
D:\快盘\PAT\PAT\Debug\link.48-cvtres.read.1.tlog
D:\快盘\PAT\PAT\Debug\link.48-cvtres.write.1.tlog
D:\快盘\PAT\PAT\Debug\link.48-rc.read.1.tlog
D:\快盘\PAT\PAT\Debug\link.48-rc.write.1.tlog
D:\快盘\PAT\PAT\Debug\link.48.read.1.tlog
D:\快盘\PAT\PAT\Debug\link.48.write.1.tlog
D:\快盘\PAT\PAT\Debug\link.4868-cvtres.read.1.tlog
D:\快盘\PAT\PAT\Debug\link.4868-cvtres.write.1.tlog
D:\快盘\PAT\PAT\Debug\link.4868-rc.read.1.tlog
D:\快盘\PAT\PAT\Debug\link.4868-rc.write.1.tlog
D:\快盘\PAT\PAT\Debug\link.4868.read.1.tlog
D:\快盘\PAT\PAT\Debug\link.4868.write.1.tlog
D:\快盘\PAT\PAT\Debug\link.4976-cvtres.read.1.tlog
D:\快盘\PAT\PAT\Debug\link.4976-cvtres.write.1.tlog
D:\快盘\PAT\PAT\Debug\link.4976-rc.read.1.tlog
D:\快盘\PAT\PAT\Debug\link.4976-rc.write.1.tlog
D:\快盘\PAT\PAT\Debug\link.4976.read.1.tlog
D:\快盘\PAT\PAT\Debug\link.4976.write.1.tlog
D:\快盘\PAT\PAT\Debug\link.5176-cvtres.read.1.tlog
D:\快盘\PAT\PAT\Debug\link.5176-cvtres.write.1.tlog
D:\快盘\PAT\PAT\Debug\link.5176-rc.read.1.tlog
D:\快盘\PAT\PAT\Debug\link.5176-rc.write.1.tlog
D:\快盘\PAT\PAT\Debug\link.5176.read.1.tlog
D:\快盘\PAT\PAT\Debug\link.5176.write.1.tlog
D:\快盘\PAT\PAT\Debug\link.52-cvtres.read.1.tlog
D:\快盘\PAT\PAT\Debug\link.52-cvtres.write.1.tlog
D:\快盘\PAT\PAT\Debug\link.52-rc.read.1.tlog
D:\快盘\PAT\PAT\Debug\link.52-rc.write.1.tlog
D:\快盘\PAT\PAT\Debug\link.52.read.1.tlog
D:\快盘\PAT\PAT\Debug\link.52.write.1.tlog
D:\快盘\PAT\PAT\Debug\link.5248-cvtres.read.1.tlog
D:\快盘\PAT\PAT\Debug\link.5248-cvtres.write.1.tlog
D:\快盘\PAT\PAT\Debug\link.5248-rc.read.1.tlog
D:\快盘\PAT\PAT\Debug\link.5248-rc.write.1.tlog
D:\快盘\PAT\PAT\Debug\link.5248.read.1.tlog
D:\快盘\PAT\PAT\Debug\link.5248.write.1.tlog
D:\快盘\PAT\PAT\Debug\link.5252-cvtres.read.1.tlog
D:\快盘\PAT\PAT\Debug\link.5252-cvtres.write.1.tlog
D:\快盘\PAT\PAT\Debug\link.5252-rc.read.1.tlog
D:\快盘\PAT\PAT\Debug\link.5252-rc.write.1.tlog
D:\快盘\PAT\PAT\Debug\link.5252.read.1.tlog
D:\快盘\PAT\PAT\Debug\link.5252.write.1.tlog
D:\快盘\PAT\PAT\Debug\link.5260-cvtres.read.1.tlog
D:\快盘\PAT\PAT\Debug\link.5260-cvtres.write.1.tlog
D:\快盘\PAT\PAT\Debug\link.5260-rc.read.1.tlog
D:\快盘\PAT\PAT\Debug\link.5260-rc.write.1.tlog
D:\快盘\PAT\PAT\Debug\link.5260.read.1.tlog
D:\快盘\PAT\PAT\Debug\link.5260.write.1.tlog
D:\快盘\PAT\PAT\Debug\link.5264-cvtres.read.1.tlog
D:\快盘\PAT\PAT\Debug\link.5264-cvtres.write.1.tlog
D:\快盘\PAT\PAT\Debug\link.5264-rc.read.1.tlog
D:\快盘\PAT\PAT\Debug\link.5264-rc.write.1.tlog
D:\快盘\PAT\PAT\Debug\link.5264.read.1.tlog
D:\快盘\PAT\PAT\Debug\link.5264.write.1.tlog
D:\快盘\PAT\PAT\Debug\link.5336-cvtres.read.1.tlog
D:\快盘\PAT\PAT\Debug\link.5336-cvtres.write.1.tlog
D:\快盘\PAT\PAT\Debug\link.5336-rc.read.1.tlog
D:\快盘\PAT\PAT\Debug\link.5336-rc.write.1.tlog
D:\快盘\PAT\PAT\Debug\link.5336.read.1.tlog
D:\快盘\PAT\PAT\Debug\link.5336.write.1.tlog
D:\快盘\PAT\PAT\Debug\link.544-cvtres.read.1.tlog
D:\快盘\PAT\PAT\Debug\link.544-cvtres.write.1.tlog
D:\快盘\PAT\PAT\Debug\link.544-rc.read.1.tlog
D:\快盘\PAT\PAT\Debug\link.544-rc.write.1.tlog
D:\快盘\PAT\PAT\Debug\link.544.read.1.tlog
D:\快盘\PAT\PAT\Debug\link.544.write.1.tlog
D:\快盘\PAT\PAT\Debug\link.5696-cvtres.read.1.tlog
D:\快盘\PAT\PAT\Debug\link.5696-cvtres.write.1.tlog
D:\快盘\PAT\PAT\Debug\link.5696-rc.read.1.tlog
D:\快盘\PAT\PAT\Debug\link.5696-rc.write.1.tlog
D:\快盘\PAT\PAT\Debug\link.5696.read.1.tlog
D:\快盘\PAT\PAT\Debug\link.5696.write.1.tlog
D:\快盘\PAT\PAT\Debug\link.5720-cvtres.read.1.tlog
D:\快盘\PAT\PAT\Debug\link.5720-cvtres.write.1.tlog
D:\快盘\PAT\PAT\Debug\link.5720-rc.read.1.tlog
D:\快盘\PAT\PAT\Debug\link.5720-rc.write.1.tlog
D:\快盘\PAT\PAT\Debug\link.5720.read.1.tlog
D:\快盘\PAT\PAT\Debug\link.5720.write.1.tlog
D:\快盘\PAT\PAT\Debug\link.5932-cvtres.read.1.tlog
D:\快盘\PAT\PAT\Debug\link.5932-cvtres.write.1.tlog
D:\快盘\PAT\PAT\Debug\link.5932-rc.read.1.tlog
D:\快盘\PAT\PAT\Debug\link.5932-rc.write.1.tlog
D:\快盘\PAT\PAT\Debug\link.5932.read.1.tlog
D:\快盘\PAT\PAT\Debug\link.5932.write.1.tlog
D:\快盘\PAT\PAT\Debug\link.6016-cvtres.read.1.tlog
D:\快盘\PAT\PAT\Debug\link.6016-cvtres.write.1.tlog
D:\快盘\PAT\PAT\Debug\link.6016-rc.read.1.tlog
D:\快盘\PAT\PAT\Debug\link.6016-rc.write.1.tlog
D:\快盘\PAT\PAT\Debug\link.6016.read.1.tlog
D:\快盘\PAT\PAT\Debug\link.6016.write.1.tlog
D:\快盘\PAT\PAT\Debug\link.6184-cvtres.read.1.tlog
D:\快盘\PAT\PAT\Debug\link.6184-cvtres.write.1.tlog
D:\快盘\PAT\PAT\Debug\link.6184-rc.read.1.tlog
D:\快盘\PAT\PAT\Debug\link.6184-rc.write.1.tlog
D:\快盘\PAT\PAT\Debug\link.6184.read.1.tlog
D:\快盘\PAT\PAT\Debug\link.6184.write.1.tlog
D:\快盘\PAT\PAT\Debug\link.6212-cvtres.read.1.tlog
D:\快盘\PAT\PAT\Debug\link.6212-cvtres.write.1.tlog
D:\快盘\PAT\PAT\Debug\link.6212-rc.read.1.tlog
D:\快盘\PAT\PAT\Debug\link.6212-rc.write.1.tlog
D:\快盘\PAT\PAT\Debug\link.6212.read.1.tlog
D:\快盘\PAT\PAT\Debug\link.6212.write.1.tlog
D:\快盘\PAT\PAT\Debug\link.6268-cvtres.read.1.tlog
D:\快盘\PAT\PAT\Debug\link.6268-cvtres.write.1.tlog
D:\快盘\PAT\PAT\Debug\link.6268-rc.read.1.tlog
D:\快盘\PAT\PAT\Debug\link.6268-rc.write.1.tlog
D:\快盘\PAT\PAT\Debug\link.6268.read.1.tlog
D:\快盘\PAT\PAT\Debug\link.6268.write.1.tlog
D:\快盘\PAT\PAT\Debug\link.6300-cvtres.read.1.tlog
D:\快盘\PAT\PAT\Debug\link.6300-cvtres.write.1.tlog
D:\快盘\PAT\PAT\Debug\link.6300-rc.read.1.tlog
D:\快盘\PAT\PAT\Debug\link.6300-rc.write.1.tlog
D:\快盘\PAT\PAT\Debug\link.6300.read.1.tlog
D:\快盘\PAT\PAT\Debug\link.6300.write.1.tlog
D:\快盘\PAT\PAT\Debug\link.6340-cvtres.read.1.tlog
D:\快盘\PAT\PAT\Debug\link.6340-cvtres.write.1.tlog
D:\快盘\PAT\PAT\Debug\link.6340-rc.read.1.tlog
D:\快盘\PAT\PAT\Debug\link.6340-rc.write.1.tlog
D:\快盘\PAT\PAT\Debug\link.6340.read.1.tlog
D:\快盘\PAT\PAT\Debug\link.6340.write.1.tlog
D:\快盘\PAT\PAT\Debug\link.6356-cvtres.read.1.tlog
D:\快盘\PAT\PAT\Debug\link.6356-cvtres.write.1.tlog
D:\快盘\PAT\PAT\Debug\link.6356-rc.read.1.tlog
D:\快盘\PAT\PAT\Debug\link.6356-rc.write.1.tlog
D:\快盘\PAT\PAT\Debug\link.6356.read.1.tlog
D:\快盘\PAT\PAT\Debug\link.6356.write.1.tlog
D:\快盘\PAT\PAT\Debug\link.6360-cvtres.read.1.tlog
D:\快盘\PAT\PAT\Debug\link.6360-cvtres.write.1.tlog
D:\快盘\PAT\PAT\Debug\link.6360-rc.read.1.tlog
D:\快盘\PAT\PAT\Debug\link.6360-rc.write.1.tlog
D:\快盘\PAT\PAT\Debug\link.6360.read.1.tlog
D:\快盘\PAT\PAT\Debug\link.6360.write.1.tlog
D:\快盘\PAT\PAT\Debug\link.6492-cvtres.read.1.tlog
D:\快盘\PAT\PAT\Debug\link.6492-cvtres.write.1.tlog
D:\快盘\PAT\PAT\Debug\link.6492-rc.read.1.tlog
D:\快盘\PAT\PAT\Debug\link.6492-rc.write.1.tlog
D:\快盘\PAT\PAT\Debug\link.6492.read.1.tlog
D:\快盘\PAT\PAT\Debug\link.6492.write.1.tlog
D:\快盘\PAT\PAT\Debug\link.6504-cvtres.read.1.tlog
D:\快盘\PAT\PAT\Debug\link.6504-cvtres.write.1.tlog
D:\快盘\PAT\PAT\Debug\link.6504-rc.read.1.tlog
D:\快盘\PAT\PAT\Debug\link.6504-rc.write.1.tlog
D:\快盘\PAT\PAT\Debug\link.6504.read.1.tlog
D:\快盘\PAT\PAT\Debug\link.6504.write.1.tlog
D:\快盘\PAT\PAT\Debug\link.6568-cvtres.read.1.tlog
D:\快盘\PAT\PAT\Debug\link.6568-cvtres.write.1.tlog
D:\快盘\PAT\PAT\Debug\link.6568-rc.read.1.tlog
D:\快盘\PAT\PAT\Debug\link.6568-rc.write.1.tlog
D:\快盘\PAT\PAT\Debug\link.6568.read.1.tlog
D:\快盘\PAT\PAT\Debug\link.6568.write.1.tlog
D:\快盘\PAT\PAT\Debug\link.6580-cvtres.read.1.tlog
D:\快盘\PAT\PAT\Debug\link.6580-cvtres.write.1.tlog
D:\快盘\PAT\PAT\Debug\link.6580-rc.read.1.tlog
D:\快盘\PAT\PAT\Debug\link.6580-rc.write.1.tlog
D:\快盘\PAT\PAT\Debug\link.6580.read.1.tlog
D:\快盘\PAT\PAT\Debug\link.6580.write.1.tlog
D:\快盘\PAT\PAT\Debug\link.6656-cvtres.read.1.tlog
D:\快盘\PAT\PAT\Debug\link.6656-cvtres.write.1.tlog
D:\快盘\PAT\PAT\Debug\link.6656-rc.read.1.tlog
D:\快盘\PAT\PAT\Debug\link.6656-rc.write.1.tlog
D:\快盘\PAT\PAT\Debug\link.6656.read.1.tlog
D:\快盘\PAT\PAT\Debug\link.6656.write.1.tlog
D:\快盘\PAT\PAT\Debug\link.6776-cvtres.read.1.tlog
D:\快盘\PAT\PAT\Debug\link.6776-cvtres.write.1.tlog
D:\快盘\PAT\PAT\Debug\link.6776-rc.read.1.tlog
D:\快盘\PAT\PAT\Debug\link.6776-rc.write.1.tlog
D:\快盘\PAT\PAT\Debug\link.6776.read.1.tlog
D:\快盘\PAT\PAT\Debug\link.6776.write.1.tlog
D:\快盘\PAT\PAT\Debug\link.6916-cvtres.read.1.tlog
D:\快盘\PAT\PAT\Debug\link.6916-cvtres.write.1.tlog
D:\快盘\PAT\PAT\Debug\link.6916-rc.read.1.tlog
D:\快盘\PAT\PAT\Debug\link.6916-rc.write.1.tlog
D:\快盘\PAT\PAT\Debug\link.6916.read.1.tlog
D:\快盘\PAT\PAT\Debug\link.6916.write.1.tlog
D:\快盘\PAT\PAT\Debug\link.6936-cvtres.read.1.tlog
D:\快盘\PAT\PAT\Debug\link.6936-cvtres.write.1.tlog
D:\快盘\PAT\PAT\Debug\link.6936-rc.read.1.tlog
D:\快盘\PAT\PAT\Debug\link.6936-rc.write.1.tlog
D:\快盘\PAT\PAT\Debug\link.6936.read.1.tlog
D:\快盘\PAT\PAT\Debug\link.6936.write.1.tlog
D:\快盘\PAT\PAT\Debug\link.6976-cvtres.read.1.tlog
D:\快盘\PAT\PAT\Debug\link.6976-cvtres.write.1.tlog
D:\快盘\PAT\PAT\Debug\link.6976-rc.read.1.tlog
D:\快盘\PAT\PAT\Debug\link.6976-rc.write.1.tlog
D:\快盘\PAT\PAT\Debug\link.6976.read.1.tlog
D:\快盘\PAT\PAT\Debug\link.6976.write.1.tlog
D:\快盘\PAT\PAT\Debug\link.7060-cvtres.read.1.tlog
D:\快盘\PAT\PAT\Debug\link.7060-cvtres.write.1.tlog
D:\快盘\PAT\PAT\Debug\link.7060-rc.read.1.tlog
D:\快盘\PAT\PAT\Debug\link.7060-rc.write.1.tlog
D:\快盘\PAT\PAT\Debug\link.7060.read.1.tlog
D:\快盘\PAT\PAT\Debug\link.7060.write.1.tlog
D:\快盘\PAT\PAT\Debug\link.7236-cvtres.read.1.tlog
D:\快盘\PAT\PAT\Debug\link.7236-cvtres.write.1.tlog
D:\快盘\PAT\PAT\Debug\link.7236-rc.read.1.tlog
D:\快盘\PAT\PAT\Debug\link.7236-rc.write.1.tlog
D:\快盘\PAT\PAT\Debug\link.7236.read.1.tlog
D:\快盘\PAT\PAT\Debug\link.7236.write.1.tlog
D:\快盘\PAT\PAT\Debug\link.7328-cvtres.read.1.tlog
D:\快盘\PAT\PAT\Debug\link.7328-cvtres.write.1.tlog
D:\快盘\PAT\PAT\Debug\link.7328-rc.read.1.tlog
D:\快盘\PAT\PAT\Debug\link.7328-rc.write.1.tlog
D:\快盘\PAT\PAT\Debug\link.7328.read.1.tlog
D:\快盘\PAT\PAT\Debug\link.7328.write.1.tlog
D:\快盘\PAT\PAT\Debug\link.7532-cvtres.read.1.tlog
D:\快盘\PAT\PAT\Debug\link.7532-cvtres.write.1.tlog
D:\快盘\PAT\PAT\Debug\link.7532-rc.read.1.tlog
D:\快盘\PAT\PAT\Debug\link.7532-rc.write.1.tlog
D:\快盘\PAT\PAT\Debug\link.7532.read.1.tlog
D:\快盘\PAT\PAT\Debug\link.7532.write.1.tlog
D:\快盘\PAT\PAT\Debug\link.7628-cvtres.read.1.tlog
D:\快盘\PAT\PAT\Debug\link.7628-cvtres.write.1.tlog
D:\快盘\PAT\PAT\Debug\link.7628-rc.read.1.tlog
D:\快盘\PAT\PAT\Debug\link.7628-rc.write.1.tlog
D:\快盘\PAT\PAT\Debug\link.7628.read.1.tlog
D:\快盘\PAT\PAT\Debug\link.7628.write.1.tlog
D:\快盘\PAT\PAT\Debug\link.7636-cvtres.read.1.tlog
D:\快盘\PAT\PAT\Debug\link.7636-cvtres.write.1.tlog
D:\快盘\PAT\PAT\Debug\link.7636-rc.read.1.tlog
D:\快盘\PAT\PAT\Debug\link.7636-rc.write.1.tlog
D:\快盘\PAT\PAT\Debug\link.7636.read.1.tlog
D:\快盘\PAT\PAT\Debug\link.7636.write.1.tlog
D:\快盘\PAT\PAT\Debug\link.7660-cvtres.read.1.tlog
D:\快盘\PAT\PAT\Debug\link.7660-cvtres.write.1.tlog
D:\快盘\PAT\PAT\Debug\link.7660-rc.read.1.tlog
D:\快盘\PAT\PAT\Debug\link.7660-rc.write.1.tlog
D:\快盘\PAT\PAT\Debug\link.7660.read.1.tlog
D:\快盘\PAT\PAT\Debug\link.7660.write.1.tlog
D:\快盘\PAT\PAT\Debug\link.7716-cvtres.read.1.tlog
D:\快盘\PAT\PAT\Debug\link.7716-cvtres.write.1.tlog
D:\快盘\PAT\PAT\Debug\link.7716-rc.read.1.tlog
D:\快盘\PAT\PAT\Debug\link.7716-rc.write.1.tlog
D:\快盘\PAT\PAT\Debug\link.7716.read.1.tlog
D:\快盘\PAT\PAT\Debug\link.7716.write.1.tlog
D:\快盘\PAT\PAT\Debug\link.7736-cvtres.read.1.tlog
D:\快盘\PAT\PAT\Debug\link.7736-cvtres.write.1.tlog
D:\快盘\PAT\PAT\Debug\link.7736-rc.read.1.tlog
D:\快盘\PAT\PAT\Debug\link.7736-rc.write.1.tlog
D:\快盘\PAT\PAT\Debug\link.7736.read.1.tlog
D:\快盘\PAT\PAT\Debug\link.7736.write.1.tlog
D:\快盘\PAT\PAT\Debug\link.7828-cvtres.read.1.tlog
D:\快盘\PAT\PAT\Debug\link.7828-cvtres.write.1.tlog
D:\快盘\PAT\PAT\Debug\link.7828-rc.read.1.tlog
D:\快盘\PAT\PAT\Debug\link.7828-rc.write.1.tlog
D:\快盘\PAT\PAT\Debug\link.7828.read.1.tlog
D:\快盘\PAT\PAT\Debug\link.7828.write.1.tlog
D:\快盘\PAT\PAT\Debug\link.7916-cvtres.read.1.tlog
D:\快盘\PAT\PAT\Debug\link.7916-cvtres.write.1.tlog
D:\快盘\PAT\PAT\Debug\link.7916-rc.read.1.tlog
D:\快盘\PAT\PAT\Debug\link.7916-rc.write.1.tlog
D:\快盘\PAT\PAT\Debug\link.7916.read.1.tlog
D:\快盘\PAT\PAT\Debug\link.7916.write.1.tlog
D:\快盘\PAT\PAT\Debug\link.7928-cvtres.read.1.tlog
D:\快盘\PAT\PAT\Debug\link.7928-cvtres.write.1.tlog
D:\快盘\PAT\PAT\Debug\link.7928-rc.read.1.tlog
D:\快盘\PAT\PAT\Debug\link.7928-rc.write.1.tlog
D:\快盘\PAT\PAT\Debug\link.7928.read.1.tlog
D:\快盘\PAT\PAT\Debug\link.7928.write.1.tlog
D:\快盘\PAT\PAT\Debug\link.8052-cvtres.read.1.tlog
D:\快盘\PAT\PAT\Debug\link.8052-cvtres.write.1.tlog
D:\快盘\PAT\PAT\Debug\link.8052-rc.read.1.tlog
D:\快盘\PAT\PAT\Debug\link.8052-rc.write.1.tlog
D:\快盘\PAT\PAT\Debug\link.8052.read.1.tlog
D:\快盘\PAT\PAT\Debug\link.8052.write.1.tlog
D:\快盘\PAT\PAT\Debug\link.8088-cvtres.read.1.tlog
D:\快盘\PAT\PAT\Debug\link.8088-cvtres.write.1.tlog
D:\快盘\PAT\PAT\Debug\link.8088-rc.read.1.tlog
D:\快盘\PAT\PAT\Debug\link.8088-rc.write.1.tlog
D:\快盘\PAT\PAT\Debug\link.8088.read.1.tlog
D:\快盘\PAT\PAT\Debug\link.8088.write.1.tlog
D:\快盘\PAT\PAT\Debug\link.8128-cvtres.read.1.tlog
D:\快盘\PAT\PAT\Debug\link.8128-cvtres.write.1.tlog
D:\快盘\PAT\PAT\Debug\link.8128-rc.read.1.tlog
D:\快盘\PAT\PAT\Debug\link.8128-rc.write.1.tlog
D:\快盘\PAT\PAT\Debug\link.8128.read.1.tlog
D:\快盘\PAT\PAT\Debug\link.8128.write.1.tlog
D:\快盘\PAT\PAT\Debug\link.8344-cvtres.read.1.tlog
D:\快盘\PAT\PAT\Debug\link.8344-cvtres.write.1.tlog
D:\快盘\PAT\PAT\Debug\link.8344-rc.read.1.tlog
D:\快盘\PAT\PAT\Debug\link.8344-rc.write.1.tlog
D:\快盘\PAT\PAT\Debug\link.8344.read.1.tlog
D:\快盘\PAT\PAT\Debug\link.8344.write.1.tlog
D:\快盘\PAT\PAT\Debug\link.8460-cvtres.read.1.tlog
D:\快盘\PAT\PAT\Debug\link.8460-cvtres.write.1.tlog
D:\快盘\PAT\PAT\Debug\link.8460-rc.read.1.tlog
D:\快盘\PAT\PAT\Debug\link.8460-rc.write.1.tlog
D:\快盘\PAT\PAT\Debug\link.8460.read.1.tlog
D:\快盘\PAT\PAT\Debug\link.8460.write.1.tlog
D:\快盘\PAT\PAT\Debug\link.8516-cvtres.read.1.tlog
D:\快盘\PAT\PAT\Debug\link.8516-cvtres.write.1.tlog
D:\快盘\PAT\PAT\Debug\link.8516-rc.read.1.tlog
D:\快盘\PAT\PAT\Debug\link.8516-rc.write.1.tlog
D:\快盘\PAT\PAT\Debug\link.8516.read.1.tlog
D:\快盘\PAT\PAT\Debug\link.8516.write.1.tlog
D:\快盘\PAT\PAT\Debug\link.852-cvtres.read.1.tlog
D:\快盘\PAT\PAT\Debug\link.852-cvtres.write.1.tlog
D:\快盘\PAT\PAT\Debug\link.852-rc.read.1.tlog
D:\快盘\PAT\PAT\Debug\link.852-rc.write.1.tlog
D:\快盘\PAT\PAT\Debug\link.852.read.1.tlog
D:\快盘\PAT\PAT\Debug\link.852.write.1.tlog
D:\快盘\PAT\PAT\Debug\link.8596-cvtres.read.1.tlog
D:\快盘\PAT\PAT\Debug\link.8596-cvtres.write.1.tlog
D:\快盘\PAT\PAT\Debug\link.8596-rc.read.1.tlog
D:\快盘\PAT\PAT\Debug\link.8596-rc.write.1.tlog
D:\快盘\PAT\PAT\Debug\link.8596.read.1.tlog
D:\快盘\PAT\PAT\Debug\link.8596.write.1.tlog
D:\快盘\PAT\PAT\Debug\link.8648-cvtres.read.1.tlog
D:\快盘\PAT\PAT\Debug\link.8648-cvtres.write.1.tlog
D:\快盘\PAT\PAT\Debug\link.8648-rc.read.1.tlog
D:\快盘\PAT\PAT\Debug\link.8648-rc.write.1.tlog
D:\快盘\PAT\PAT\Debug\link.8648.read.1.tlog
D:\快盘\PAT\PAT\Debug\link.8648.write.1.tlog
D:\快盘\PAT\PAT\Debug\link.8704-cvtres.read.1.tlog
D:\快盘\PAT\PAT\Debug\link.8704-cvtres.write.1.tlog
D:\快盘\PAT\PAT\Debug\link.8704-rc.read.1.tlog
D:\快盘\PAT\PAT\Debug\link.8704-rc.write.1.tlog
D:\快盘\PAT\PAT\Debug\link.8704.read.1.tlog
D:\快盘\PAT\PAT\Debug\link.8704.write.1.tlog
D:\快盘\PAT\PAT\Debug\link.8768-cvtres.read.1.tlog
D:\快盘\PAT\PAT\Debug\link.8768-cvtres.write.1.tlog
D:\快盘\PAT\PAT\Debug\link.8768-rc.read.1.tlog
D:\快盘\PAT\PAT\Debug\link.8768-rc.write.1.tlog
D:\快盘\PAT\PAT\Debug\link.8768.read.1.tlog
D:\快盘\PAT\PAT\Debug\link.8768.write.1.tlog
D:\快盘\PAT\PAT\Debug\link.8864-cvtres.read.1.tlog
D:\快盘\PAT\PAT\Debug\link.8864-cvtres.write.1.tlog
D:\快盘\PAT\PAT\Debug\link.8864-rc.read.1.tlog
D:\快盘\PAT\PAT\Debug\link.8864-rc.write.1.tlog
D:\快盘\PAT\PAT\Debug\link.8864.read.1.tlog
D:\快盘\PAT\PAT\Debug\link.8864.write.1.tlog
D:\快盘\PAT\PAT\Debug\link.8908-cvtres.read.1.tlog
D:\快盘\PAT\PAT\Debug\link.8908-cvtres.write.1.tlog
D:\快盘\PAT\PAT\Debug\link.8908-rc.read.1.tlog
D:\快盘\PAT\PAT\Debug\link.8908-rc.write.1.tlog
D:\快盘\PAT\PAT\Debug\link.8908.read.1.tlog
D:\快盘\PAT\PAT\Debug\link.8908.write.1.tlog
D:\快盘\PAT\PAT\Debug\link.9120-cvtres.read.1.tlog
D:\快盘\PAT\PAT\Debug\link.9120-cvtres.write.1.tlog
D:\快盘\PAT\PAT\Debug\link.9120-rc.read.1.tlog
D:\快盘\PAT\PAT\Debug\link.9120-rc.write.1.tlog
D:\快盘\PAT\PAT\Debug\link.9120.read.1.tlog
D:\快盘\PAT\PAT\Debug\link.9120.write.1.tlog
D:\快盘\PAT\PAT\Debug\link.9176-cvtres.read.1.tlog
D:\快盘\PAT\PAT\Debug\link.9176-cvtres.write.1.tlog
D:\快盘\PAT\PAT\Debug\link.9176-rc.read.1.tlog
D:\快盘\PAT\PAT\Debug\link.9176-rc.write.1.tlog
D:\快盘\PAT\PAT\Debug\link.9176.read.1.tlog
D:\快盘\PAT\PAT\Debug\link.9176.write.1.tlog
D:\快盘\PAT\PAT\Debug\link.928-cvtres.read.1.tlog
D:\快盘\PAT\PAT\Debug\link.928-cvtres.write.1.tlog
D:\快盘\PAT\PAT\Debug\link.928-rc.read.1.tlog
D:\快盘\PAT\PAT\Debug\link.928-rc.write.1.tlog
D:\快盘\PAT\PAT\Debug\link.928.read.1.tlog
D:\快盘\PAT\PAT\Debug\link.928.write.1.tlog
D:\快盘\PAT\PAT\Debug\link.command.1.tlog
D:\快盘\PAT\PAT\Debug\link.read.1.tlog
D:\快盘\PAT\PAT\Debug\link.write.1.tlog
D:\快盘\PAT\PAT\Debug\vc110.idb
D:\快盘\PAT\PAT\Debug\vc110.pdb
D:\快盘\PAT\Debug\PAT.pdb
D:\快盘\PAT\Debug\PAT.exe
D:\快盘\PAT\Debug\PAT.ilk
